0 info it worked if it ends with ok
1 verbose cli [ 'node',
1 verbose cli   '/usr/local/bin/npm',
1 verbose cli   'install',
1 verbose cli   'git://github.com/bnoguchi/everyauth.git#express3' ]
2 info using npm@1.1.48
3 info using node@v0.8.6
4 verbose config file /Users/achinn/.npmrc
5 verbose config file /usr/local/etc/npmrc
6 verbose config file /usr/local/lib/node_modules/npm/npmrc
7 verbose read json /Users/achinn/Desktop/Protrada v3/app/package.json
8 verbose read json /Users/achinn/Desktop/Protrada v3/app/node_modules/coffee-script/package.json
9 verbose read json /Users/achinn/Desktop/Protrada v3/app/node_modules/connect/package.json
10 verbose read json /Users/achinn/Desktop/Protrada v3/app/node_modules/everyauth/package.json
11 verbose read json /Users/achinn/Desktop/Protrada v3/app/node_modules/express/package.json
12 verbose read json /Users/achinn/Desktop/Protrada v3/app/node_modules/express-cdn/package.json
13 verbose read json /Users/achinn/Desktop/Protrada v3/app/node_modules/jade/package.json
14 verbose read json /Users/achinn/Desktop/Protrada v3/app/node_modules/socket.io/package.json
15 warn package.json connect@1.9.2 No README.md file found!
16 warn package.json jade@0.26.3 No README.md file found!
17 verbose read json /Users/achinn/Desktop/Protrada v3/app/package.json
18 verbose cache add [ 'git://github.com/bnoguchi/everyauth.git#express3', null ]
19 silly cache add name=undefined spec="git://github.com/bnoguchi/everyauth.git#express3" args=["git://github.com/bnoguchi/everyauth.git#express3",null]
20 verbose parsed url { protocol: 'git:',
20 verbose parsed url   slashes: true,
20 verbose parsed url   host: 'github.com',
20 verbose parsed url   hostname: 'github.com',
20 verbose parsed url   href: 'git://github.com/bnoguchi/everyauth.git#express3',
20 verbose parsed url   hash: '#express3',
20 verbose parsed url   pathname: '/bnoguchi/everyauth.git',
20 verbose parsed url   path: '/bnoguchi/everyauth.git' }
21 silly lockFile 29adaf1d--bnoguchi-everyauth-git-express3 git://github.com/bnoguchi/everyauth.git#express3
22 verbose lock git://github.com/bnoguchi/everyauth.git#express3 /Users/achinn/.npm/29adaf1d--bnoguchi-everyauth-git-express3.lock
23 verbose addRemoteGit [ 'git://github.com/bnoguchi/everyauth.git', 'express3' ]
24 silly exec git "clone" "git://github.com/bnoguchi/everyauth.git" "/var/folders/29/bz98cnhd441_fsmlstn4fcxm95gx51/T/npm-69833/1345004233138-0.5776024607475847"
25 silly git,clone,git://github.com/bnoguchi/everyauth.git,/var/folders/29/bz98cnhd441_fsmlstn4fcxm95gx51/T/npm-69833/1345004233138-0.5776024607475847, spawning
26 error git clone git://github.com/bnoguchi/everyauth.git
27 silly lockFile b706a6d8-ithub-com-bnoguchi-everyauth-git git://github.com/bnoguchi/everyauth.git
28 error Error: `git "clone" "git://github.com/bnoguchi/everyauth.git" "/var/folders/29/bz98cnhd441_fsmlstn4fcxm95gx51/T/npm-69833/1345004233138-0.5776024607475847"` failed with 127
28 error     at ChildProcess.<anonymous> (/usr/local/lib/node_modules/npm/lib/utils/exec.js:56:20)
28 error     at ChildProcess.EventEmitter.emit (events.js:91:17)
28 error     at Process._handle.onexit (child_process.js:674:10)
29 error If you need help, you may report this log at:
29 error     <http://github.com/isaacs/npm/issues>
29 error or email it to:
29 error     <npm-@googlegroups.com>
30 error System Darwin 12.0.0
31 error command "node" "/usr/local/bin/npm" "install" "git://github.com/bnoguchi/everyauth.git#express3"
32 error cwd /Users/achinn/Desktop/Protrada v3/app
33 error node -v v0.8.6
34 error npm -v 1.1.48
35 verbose exit [ 1, true ]
